13:34:51.627 [TestNG-tests-1] INFO  testCases.TC001_AccountRegistrationTest - ***providing user details***
13:34:52.923 [TestNG-tests-1] INFO  testCases.TC001_AccountRegistrationTest - ***Validating expected message***
13:34:52.926 [TestNG-tests-1] INFO  testCases.TC001_AccountRegistrationTest - ***Validation is completed***
13:34:53.612 [TestNG-tests-3] INFO  testCases.TC001_AccountRegistrationTest - *****Starting account_registration
13:34:53.614 [TestNG-tests-3] INFO  testCases.TC001_AccountRegistrationTest - ***Clicking on My Account****
13:34:53.701 [TestNG-tests-3] INFO  testCases.TC001_AccountRegistrationTest - ***Clicking on Register link
13:34:53.963 [TestNG-tests-3] INFO  testCases.TC001_AccountRegistrationTest - ***providing user details***
13:34:54.990 [TestNG-tests-3] INFO  testCases.TC001_AccountRegistrationTest - ***Validating expected message***
13:34:54.990 [TestNG-tests-3] INFO  testCases.TC001_AccountRegistrationTest - ***Validation is completed***
13:35:04.470 [TestNG-tests-1] INFO  testCases.TC001_AccountRegistrationTest - *****Starting account_registration
13:35:04.489 [TestNG-tests-1] INFO  testCases.TC001_AccountRegistrationTest - ***Clicking on My Account****
13:35:04.556 [TestNG-tests-1] INFO  testCases.TC001_AccountRegistrationTest - ***Clicking on Register link
13:35:05.551 [TestNG-tests-3] INFO  testCases.TC001_AccountRegistrationTest - *****Starting account_registration
13:35:05.551 [TestNG-tests-3] INFO  testCases.TC001_AccountRegistrationTest - ***Clicking on My Account****
13:35:05.561 [TestNG-tests-1] INFO  testCases.TC001_AccountRegistrationTest - ***providing user details***
13:35:05.646 [TestNG-tests-3] INFO  testCases.TC001_AccountRegistrationTest - ***Clicking on Register link
13:35:06.237 [TestNG-tests-3] INFO  testCases.TC001_AccountRegistrationTest - ***providing user details***
13:35:08.824 [TestNG-tests-3] INFO  testCases.TC001_AccountRegistrationTest - ***Validating expected message***
13:35:08.824 [TestNG-tests-3] INFO  testCases.TC001_AccountRegistrationTest - ***Validation is completed***
13:35:08.830 [TestNG-tests-1] INFO  testCases.TC001_AccountRegistrationTest - ***Validating expected message***
13:35:08.830 [TestNG-tests-1] INFO  testCases.TC001_AccountRegistrationTest - ***Validation is completed***
15:48:57.139 [TestNG-tests-1] INFO  testCases.TC001_AccountRegistrationTest - *****Starting account_registration
15:48:57.178 [TestNG-tests-1] INFO  testCases.TC001_AccountRegistrationTest - ***Clicking on My Account****
15:48:57.235 [TestNG-tests-1] INFO  testCases.TC001_AccountRegistrationTest - ***Clicking on Register link
15:48:57.493 [TestNG-tests-1] INFO  testCases.TC001_AccountRegistrationTest - ***providing user details***
15:48:58.680 [TestNG-tests-1] INFO  testCases.TC001_AccountRegistrationTest - ***Validating expected message***
15:48:58.681 [TestNG-tests-1] INFO  testCases.TC001_AccountRegistrationTest - ***Validation is completed***
15:49:53.343 [TestNG-tests-1] INFO  testCases.TC001_AccountRegistrationTest - *****Starting account_registration
15:49:53.369 [TestNG-tests-1] INFO  testCases.TC001_AccountRegistrationTest - ***Clicking on My Account****
15:49:53.453 [TestNG-tests-1] INFO  testCases.TC001_AccountRegistrationTest - ***Clicking on Register link
15:49:53.906 [TestNG-tests-1] INFO  testCases.TC001_AccountRegistrationTest - ***providing user details***
15:49:54.816 [TestNG-tests-3] INFO  testCases.TC001_AccountRegistrationTest - *****Starting account_registration
15:49:54.817 [TestNG-tests-3] INFO  testCases.TC001_AccountRegistrationTest - ***Clicking on My Account****
15:49:54.915 [TestNG-tests-3] INFO  testCases.TC001_AccountRegistrationTest - ***Clicking on Register link
15:49:55.207 [TestNG-tests-3] INFO  testCases.TC001_AccountRegistrationTest - ***providing user details***
15:49:55.372 [TestNG-tests-1] INFO  testCases.TC001_AccountRegistrationTest - ***Validating expected message***
15:49:55.374 [TestNG-tests-1] INFO  testCases.TC001_AccountRegistrationTest - ***Validation is completed***
15:49:56.149 [TestNG-tests-3] INFO  testCases.TC001_AccountRegistrationTest - ***Validating expected message***
15:49:56.149 [TestNG-tests-3] INFO  testCases.TC001_AccountRegistrationTest - ***Validation is completed***
15:50:11.348 [TestNG-tests-1] INFO  testCases.TC001_AccountRegistrationTest - *****Starting account_registration
15:50:11.367 [TestNG-tests-1] INFO  testCases.TC001_AccountRegistrationTest - ***Clicking on My Account****
15:50:11.432 [TestNG-tests-1] INFO  testCases.TC001_AccountRegistrationTest - ***Clicking on Register link
15:50:11.683 [TestNG-tests-1] INFO  testCases.TC001_AccountRegistrationTest - ***providing user details***
15:50:12.832 [TestNG-tests-1] INFO  testCases.TC001_AccountRegistrationTest - ***Validating expected message***
15:50:12.833 [TestNG-tests-1] INFO  testCases.TC001_AccountRegistrationTest - ***Validation is completed***
16:12:42.556 [TestNG-tests-1] INFO  testCases.TC001_AccountRegistrationTest - *****Starting account_registration
